2022-06-28 01:43:58,050 INFO  - Starting HiveMQ Enterprise Server
2022-06-28 01:43:58,056 INFO  - HiveMQ version: 4.8.0
2022-06-28 01:43:58,056 INFO  - HiveMQ home directory: D:\Hive\hivemq-4.8.0
2022-06-28 01:43:58,084 INFO  - Log Configuration was overridden by D:\Hive\hivemq-4.8.0\conf\logback.xml
2022-06-28 01:43:58,558 INFO  - This node's ID is vo7Dd
2022-06-28 01:43:58,558 INFO  - Clustering is disabled
2022-06-28 01:45:02,223 INFO  - No valid license file found. Using trial license, restricted to 25 connections.
2022-06-28 01:45:09,725 INFO  - This node uses '8' CPU cores.
2022-06-28 01:45:09,730 INFO  - Starting HiveMQ extension system.
2022-06-28 01:45:10,284 INFO  - Starting extension with id "hivemq-allow-all-extension" at D:\Hive\hivemq-4.8.0\extensions\hivemq-allow-all-extension
2022-06-28 01:45:10,343 WARN  - 
################################################################################################################
# This HiveMQ deployment is not secure! You are lacking Authentication and Authorization.                      #
# Right now any MQTT client can connect to the broker with a full set of permissions.                          #
# For production usage, add an appropriate security extension and remove the hivemq-allow-all extension.       #
# You can download security extensions from the HiveMQ Marketplace (https://www.hivemq.com/extensions/).       #
################################################################################################################
2022-06-28 01:45:10,346 INFO  - Extension "Allow All Extension" version 1.0.0 started successfully.
2022-06-28 01:45:12,990 INFO  - vo7Dd: no members discovered after 2003 ms: creating cluster as first member
2022-06-28 01:45:13,006 INFO  - No user for HiveMQ Control Center configured. Starting with default user
2022-06-28 01:45:13,006 INFO  - Starting HiveMQ Control Center on address 127.0.0.1 and port 8080
2022-06-28 01:45:13,635 INFO  - Control Center Audit Logging started.
2022-06-28 01:45:13,636 INFO  - Started HiveMQ Control Center in 630ms
2022-06-28 01:45:13,645 INFO  - Starting TCP listener on address 0.0.0.0 and port 1883
2022-06-28 01:45:13,866 INFO  - Started TCP Listener on address 0.0.0.0 and on port 1883.
2022-06-28 01:45:13,866 INFO  - Started HiveMQ in 75898ms
