2022-06-25 21:45:55,275 INFO  - Starting HiveMQ Enterprise Server
2022-06-25 21:45:55,276 INFO  - HiveMQ version: 4.8.0
2022-06-25 21:45:55,276 INFO  - HiveMQ home directory: D:\Hive\hivemq-4.8.0
2022-06-25 21:45:55,296 INFO  - Log Configuration was overridden by D:\Hive\hivemq-4.8.0\conf\logback.xml
2022-06-25 21:45:55,904 INFO  - This node's ID is H7suo
2022-06-25 21:45:55,905 INFO  - Clustering is disabled
2022-06-25 21:47:00,452 INFO  - No valid license file found. Using trial license, restricted to 25 connections.
2022-06-25 21:47:12,992 INFO  - This node uses '8' CPU cores.
2022-06-25 21:47:12,996 INFO  - Starting HiveMQ extension system.
2022-06-25 21:47:13,192 INFO  - Starting extension with id "hivemq-allow-all-extension" at D:\Hive\hivemq-4.8.0\extensions\hivemq-allow-all-extension
2022-06-25 21:47:13,281 WARN  - 
################################################################################################################
# This HiveMQ deployment is not secure! You are lacking Authentication and Authorization.                      #
# Right now any MQTT client can connect to the broker with a full set of permissions.                          #
# For production usage, add an appropriate security extension and remove the hivemq-allow-all extension.       #
# You can download security extensions from the HiveMQ Marketplace (https://www.hivemq.com/extensions/).       #
################################################################################################################
2022-06-25 21:47:13,283 INFO  - Extension "Allow All Extension" version 1.0.0 started successfully.
2022-06-25 21:47:15,938 INFO  - H7suo: no members discovered after 2001 ms: creating cluster as first member
2022-06-25 21:47:15,957 INFO  - No user for HiveMQ Control Center configured. Starting with default user
2022-06-25 21:47:15,957 INFO  - Starting HiveMQ Control Center on address 127.0.0.1 and port 8080
2022-06-25 21:47:16,646 INFO  - Control Center Audit Logging started.
2022-06-25 21:47:16,647 INFO  - Started HiveMQ Control Center in 690ms
2022-06-25 21:47:16,809 INFO  - Starting TCP listener on address 0.0.0.0 and port 1883
2022-06-25 21:47:17,093 INFO  - Started TCP Listener on address 0.0.0.0 and on port 1883.
2022-06-25 21:47:17,093 INFO  - Started HiveMQ in 81918ms
