2022-06-14 19:04:59,377 INFO  - Starting HiveMQ Enterprise Server
2022-06-14 19:04:59,378 INFO  - HiveMQ version: 4.8.0
2022-06-14 19:04:59,378 INFO  - HiveMQ home directory: D:\Hive\hivemq-4.8.0
2022-06-14 19:04:59,420 INFO  - Log Configuration was overridden by D:\Hive\hivemq-4.8.0\conf\logback.xml
2022-06-14 19:05:00,524 INFO  - This node's ID is T8xUU
2022-06-14 19:05:00,524 INFO  - Clustering is disabled
2022-06-14 19:05:43,927 INFO  - No valid license file found. Using trial license, restricted to 25 connections.
2022-06-14 19:05:50,873 INFO  - This node uses '8' CPU cores.
2022-06-14 19:05:50,877 INFO  - Starting HiveMQ extension system.
2022-06-14 19:05:51,093 INFO  - Starting extension with id "hivemq-allow-all-extension" at D:\Hive\hivemq-4.8.0\extensions\hivemq-allow-all-extension
2022-06-14 19:05:51,152 WARN  - 
################################################################################################################
# This HiveMQ deployment is not secure! You are lacking Authentication and Authorization.                      #
# Right now any MQTT client can connect to the broker with a full set of permissions.                          #
# For production usage, add an appropriate security extension and remove the hivemq-allow-all extension.       #
# You can download security extensions from the HiveMQ Marketplace (https://www.hivemq.com/extensions/).       #
################################################################################################################
2022-06-14 19:05:51,153 INFO  - Extension "Allow All Extension" version 1.0.0 started successfully.
2022-06-14 19:05:53,875 INFO  - T8xUU: no members discovered after 2002 ms: creating cluster as first member
2022-06-14 19:05:54,125 INFO  - No user for HiveMQ Control Center configured. Starting with default user
2022-06-14 19:05:54,125 INFO  - Starting HiveMQ Control Center on address 127.0.0.1 and port 8080
2022-06-14 19:05:55,733 INFO  - Control Center Audit Logging started.
2022-06-14 19:05:55,733 INFO  - Started HiveMQ Control Center in 1608ms
2022-06-14 19:05:55,766 INFO  - Starting TCP listener on address 0.0.0.0 and port 1883
2022-06-14 19:05:55,983 INFO  - Started TCP Listener on address 0.0.0.0 and on port 1883.
2022-06-14 19:05:55,984 INFO  - Started HiveMQ in 56689ms
