2022-05-06 12:53:02,660 INFO  - Checking for type migrations (HiveMQ version 4.8.0).
2022-05-06 12:53:02,706 INFO  - Skipping migration because no persistence folder is present.
2022-05-06 12:53:02,706 INFO  - Checking for value migrations (HiveMQ version 4.8.0).
2022-05-06 12:53:02,706 INFO  - Skipping migration because no persistence folder is present.
2022-05-06 12:53:43,163 INFO  - Write metadata file: MetaInformation{hivemqVersion='4.8.0', clientSessionPersistenceVersion='040000', queuedMessagesPersistenceVersion='040500', subscriptionPersistenceVersion='040000', incomingMessageFlowPersistenceVersion='040200', retainedMessagesPersistenceVersion='040800_R', publishPayloadPersistenceVersion='040500_R', retainedMessagesPersistenceType='FILE_NATIVE', publishPayloadPersistenceType='FILE_NATIVE'}
2022-05-06 12:53:43,231 INFO  - Finished migration.
2022-05-24 11:33:59,658 INFO  - Checking for type migrations (HiveMQ version 4.8.0).
2022-05-24 11:33:59,869 INFO  - Read metadata file: MetaInformation{hivemqVersion='4.8.0', clientSessionPersistenceVersion='040000', queuedMessagesPersistenceVersion='040500', subscriptionPersistenceVersion='040000', incomingMessageFlowPersistenceVersion='040200', retainedMessagesPersistenceVersion='040800_R', publishPayloadPersistenceVersion='040500_R', retainedMessagesPersistenceType='FILE_NATIVE', publishPayloadPersistenceType='FILE_NATIVE'}
2022-05-24 11:33:59,876 INFO  - Nothing to migrate found.
2022-05-24 11:33:59,876 INFO  - Checking for value migrations (HiveMQ version 4.8.0).
2022-05-24 11:33:59,877 INFO  - Read metadata file: MetaInformation{hivemqVersion='4.8.0', clientSessionPersistenceVersion='040000', queuedMessagesPersistenceVersion='040500', subscriptionPersistenceVersion='040000', incomingMessageFlowPersistenceVersion='040200', retainedMessagesPersistenceVersion='040800_R', publishPayloadPersistenceVersion='040500_R', retainedMessagesPersistenceType='FILE_NATIVE', publishPayloadPersistenceType='FILE_NATIVE'}
2022-05-24 11:33:59,877 INFO  - Nothing to migrate found.
2022-05-24 11:34:17,381 INFO  - Checking for type migrations (HiveMQ version 4.8.0).
2022-05-24 11:34:17,401 INFO  - Read metadata file: MetaInformation{hivemqVersion='4.8.0', clientSessionPersistenceVersion='040000', queuedMessagesPersistenceVersion='040500', subscriptionPersistenceVersion='040000', incomingMessageFlowPersistenceVersion='040200', retainedMessagesPersistenceVersion='040800_R', publishPayloadPersistenceVersion='040500_R', retainedMessagesPersistenceType='FILE_NATIVE', publishPayloadPersistenceType='FILE_NATIVE'}
2022-05-24 11:34:17,409 INFO  - Nothing to migrate found.
2022-05-24 11:34:17,410 INFO  - Checking for value migrations (HiveMQ version 4.8.0).
2022-05-24 11:34:17,410 INFO  - Read metadata file: MetaInformation{hivemqVersion='4.8.0', clientSessionPersistenceVersion='040000', queuedMessagesPersistenceVersion='040500', subscriptionPersistenceVersion='040000', incomingMessageFlowPersistenceVersion='040200', retainedMessagesPersistenceVersion='040800_R', publishPayloadPersistenceVersion='040500_R', retainedMessagesPersistenceType='FILE_NATIVE', publishPayloadPersistenceType='FILE_NATIVE'}
2022-05-24 11:34:17,410 INFO  - Nothing to migrate found.
2022-05-24 11:34:39,791 INFO  - Read metadata file: MetaInformation{hivemqVersion='4.8.0', clientSessionPersistenceVersion='040000', queuedMessagesPersistenceVersion='040500', subscriptionPersistenceVersion='040000', incomingMessageFlowPersistenceVersion='040200', retainedMessagesPersistenceVersion='040800_R', publishPayloadPersistenceVersion='040500_R', retainedMessagesPersistenceType='FILE_NATIVE', publishPayloadPersistenceType='FILE_NATIVE'}
2022-05-24 11:34:39,792 INFO  - Write metadata file: MetaInformation{hivemqVersion='4.8.0', clientSessionPersistenceVersion='040000', queuedMessagesPersistenceVersion='040500', subscriptionPersistenceVersion='040000', incomingMessageFlowPersistenceVersion='040200', retainedMessagesPersistenceVersion='040800_R', publishPayloadPersistenceVersion='040500_R', retainedMessagesPersistenceType='FILE_NATIVE', publishPayloadPersistenceType='FILE_NATIVE'}
2022-05-24 11:34:39,932 INFO  - Finished migration.
2022-05-24 11:49:52,693 INFO  - Checking for type migrations (HiveMQ version 4.8.0).
2022-05-24 11:49:52,710 INFO  - Read metadata file: MetaInformation{hivemqVersion='4.8.0', clientSessionPersistenceVersion='040000', queuedMessagesPersistenceVersion='040500', subscriptionPersistenceVersion='040000', incomingMessageFlowPersistenceVersion='040200', retainedMessagesPersistenceVersion='040800_R', publishPayloadPersistenceVersion='040500_R', retainedMessagesPersistenceType='FILE_NATIVE', publishPayloadPersistenceType='FILE_NATIVE'}
2022-05-24 11:49:52,719 INFO  - Nothing to migrate found.
2022-05-24 11:49:52,719 INFO  - Checking for value migrations (HiveMQ version 4.8.0).
2022-05-24 11:49:52,719 INFO  - Read metadata file: MetaInformation{hivemqVersion='4.8.0', clientSessionPersistenceVersion='040000', queuedMessagesPersistenceVersion='040500', subscriptionPersistenceVersion='040000', incomingMessageFlowPersistenceVersion='040200', retainedMessagesPersistenceVersion='040800_R', publishPayloadPersistenceVersion='040500_R', retainedMessagesPersistenceType='FILE_NATIVE', publishPayloadPersistenceType='FILE_NATIVE'}
2022-05-24 11:49:52,719 INFO  - Nothing to migrate found.
2022-05-24 11:50:11,131 INFO  - Read metadata file: MetaInformation{hivemqVersion='4.8.0', clientSessionPersistenceVersion='040000', queuedMessagesPersistenceVersion='040500', subscriptionPersistenceVersion='040000', incomingMessageFlowPersistenceVersion='040200', retainedMessagesPersistenceVersion='040800_R', publishPayloadPersistenceVersion='040500_R', retainedMessagesPersistenceType='FILE_NATIVE', publishPayloadPersistenceType='FILE_NATIVE'}
2022-05-24 11:50:11,132 INFO  - Write metadata file: MetaInformation{hivemqVersion='4.8.0', clientSessionPersistenceVersion='040000', queuedMessagesPersistenceVersion='040500', subscriptionPersistenceVersion='040000', incomingMessageFlowPersistenceVersion='040200', retainedMessagesPersistenceVersion='040800_R', publishPayloadPersistenceVersion='040500_R', retainedMessagesPersistenceType='FILE_NATIVE', publishPayloadPersistenceType='FILE_NATIVE'}
2022-05-24 11:50:11,132 INFO  - Finished migration.
2022-05-24 12:00:56,247 INFO  - Checking for type migrations (HiveMQ version 4.8.0).
2022-05-24 12:00:56,266 INFO  - Read metadata file: MetaInformation{hivemqVersion='4.8.0', clientSessionPersistenceVersion='040000', queuedMessagesPersistenceVersion='040500', subscriptionPersistenceVersion='040000', incomingMessageFlowPersistenceVersion='040200', retainedMessagesPersistenceVersion='040800_R', publishPayloadPersistenceVersion='040500_R', retainedMessagesPersistenceType='FILE_NATIVE', publishPayloadPersistenceType='FILE_NATIVE'}
2022-05-24 12:00:56,274 INFO  - Nothing to migrate found.
2022-05-24 12:00:56,274 INFO  - Checking for value migrations (HiveMQ version 4.8.0).
2022-05-24 12:00:56,274 INFO  - Read metadata file: MetaInformation{hivemqVersion='4.8.0', clientSessionPersistenceVersion='040000', queuedMessagesPersistenceVersion='040500', subscriptionPersistenceVersion='040000', incomingMessageFlowPersistenceVersion='040200', retainedMessagesPersistenceVersion='040800_R', publishPayloadPersistenceVersion='040500_R', retainedMessagesPersistenceType='FILE_NATIVE', publishPayloadPersistenceType='FILE_NATIVE'}
2022-05-24 12:00:56,274 INFO  - Nothing to migrate found.
2022-05-24 12:01:12,005 INFO  - Read metadata file: MetaInformation{hivemqVersion='4.8.0', clientSessionPersistenceVersion='040000', queuedMessagesPersistenceVersion='040500', subscriptionPersistenceVersion='040000', incomingMessageFlowPersistenceVersion='040200', retainedMessagesPersistenceVersion='040800_R', publishPayloadPersistenceVersion='040500_R', retainedMessagesPersistenceType='FILE_NATIVE', publishPayloadPersistenceType='FILE_NATIVE'}
2022-05-24 12:01:12,006 INFO  - Write metadata file: MetaInformation{hivemqVersion='4.8.0', clientSessionPersistenceVersion='040000', queuedMessagesPersistenceVersion='040500', subscriptionPersistenceVersion='040000', incomingMessageFlowPersistenceVersion='040200', retainedMessagesPersistenceVersion='040800_R', publishPayloadPersistenceVersion='040500_R', retainedMessagesPersistenceType='FILE_NATIVE', publishPayloadPersistenceType='FILE_NATIVE'}
2022-05-24 12:01:12,006 INFO  - Finished migration.
2022-05-24 14:10:17,133 INFO  - Checking for type migrations (HiveMQ version 4.8.0).
2022-05-24 14:10:17,151 INFO  - Read metadata file: MetaInformation{hivemqVersion='4.8.0', clientSessionPersistenceVersion='040000', queuedMessagesPersistenceVersion='040500', subscriptionPersistenceVersion='040000', incomingMessageFlowPersistenceVersion='040200', retainedMessagesPersistenceVersion='040800_R', publishPayloadPersistenceVersion='040500_R', retainedMessagesPersistenceType='FILE_NATIVE', publishPayloadPersistenceType='FILE_NATIVE'}
2022-05-24 14:10:17,158 INFO  - Nothing to migrate found.
2022-05-24 14:10:17,159 INFO  - Checking for value migrations (HiveMQ version 4.8.0).
2022-05-24 14:10:17,159 INFO  - Read metadata file: MetaInformation{hivemqVersion='4.8.0', clientSessionPersistenceVersion='040000', queuedMessagesPersistenceVersion='040500', subscriptionPersistenceVersion='040000', incomingMessageFlowPersistenceVersion='040200', retainedMessagesPersistenceVersion='040800_R', publishPayloadPersistenceVersion='040500_R', retainedMessagesPersistenceType='FILE_NATIVE', publishPayloadPersistenceType='FILE_NATIVE'}
2022-05-24 14:10:17,159 INFO  - Nothing to migrate found.
2022-05-24 14:10:38,516 INFO  - Read metadata file: MetaInformation{hivemqVersion='4.8.0', clientSessionPersistenceVersion='040000', queuedMessagesPersistenceVersion='040500', subscriptionPersistenceVersion='040000', incomingMessageFlowPersistenceVersion='040200', retainedMessagesPersistenceVersion='040800_R', publishPayloadPersistenceVersion='040500_R', retainedMessagesPersistenceType='FILE_NATIVE', publishPayloadPersistenceType='FILE_NATIVE'}
2022-05-24 14:10:38,516 INFO  - Write metadata file: MetaInformation{hivemqVersion='4.8.0', clientSessionPersistenceVersion='040000', queuedMessagesPersistenceVersion='040500', subscriptionPersistenceVersion='040000', incomingMessageFlowPersistenceVersion='040200', retainedMessagesPersistenceVersion='040800_R', publishPayloadPersistenceVersion='040500_R', retainedMessagesPersistenceType='FILE_NATIVE', publishPayloadPersistenceType='FILE_NATIVE'}
2022-05-24 14:10:38,516 INFO  - Finished migration.
2022-06-14 19:05:00,739 INFO  - Checking for type migrations (HiveMQ version 4.8.0).
2022-06-14 19:05:00,878 INFO  - Read metadata file: MetaInformation{hivemqVersion='4.8.0', clientSessionPersistenceVersion='040000', queuedMessagesPersistenceVersion='040500', subscriptionPersistenceVersion='040000', incomingMessageFlowPersistenceVersion='040200', retainedMessagesPersistenceVersion='040800_R', publishPayloadPersistenceVersion='040500_R', retainedMessagesPersistenceType='FILE_NATIVE', publishPayloadPersistenceType='FILE_NATIVE'}
2022-06-14 19:05:00,886 INFO  - Nothing to migrate found.
2022-06-14 19:05:00,886 INFO  - Checking for value migrations (HiveMQ version 4.8.0).
2022-06-14 19:05:00,886 INFO  - Read metadata file: MetaInformation{hivemqVersion='4.8.0', clientSessionPersistenceVersion='040000', queuedMessagesPersistenceVersion='040500', subscriptionPersistenceVersion='040000', incomingMessageFlowPersistenceVersion='040200', retainedMessagesPersistenceVersion='040800_R', publishPayloadPersistenceVersion='040500_R', retainedMessagesPersistenceType='FILE_NATIVE', publishPayloadPersistenceType='FILE_NATIVE'}
2022-06-14 19:05:00,887 INFO  - Nothing to migrate found.
2022-06-14 19:05:41,088 INFO  - Read metadata file: MetaInformation{hivemqVersion='4.8.0', clientSessionPersistenceVersion='040000', queuedMessagesPersistenceVersion='040500', subscriptionPersistenceVersion='040000', incomingMessageFlowPersistenceVersion='040200', retainedMessagesPersistenceVersion='040800_R', publishPayloadPersistenceVersion='040500_R', retainedMessagesPersistenceType='FILE_NATIVE', publishPayloadPersistenceType='FILE_NATIVE'}
2022-06-14 19:05:41,088 INFO  - Write metadata file: MetaInformation{hivemqVersion='4.8.0', clientSessionPersistenceVersion='040000', queuedMessagesPersistenceVersion='040500', subscriptionPersistenceVersion='040000', incomingMessageFlowPersistenceVersion='040200', retainedMessagesPersistenceVersion='040800_R', publishPayloadPersistenceVersion='040500_R', retainedMessagesPersistenceType='FILE_NATIVE', publishPayloadPersistenceType='FILE_NATIVE'}
2022-06-14 19:05:41,088 INFO  - Finished migration.
2022-06-17 00:53:30,229 INFO  - Checking for type migrations (HiveMQ version 4.8.0).
2022-06-17 00:53:30,387 INFO  - Read metadata file: MetaInformation{hivemqVersion='4.8.0', clientSessionPersistenceVersion='040000', queuedMessagesPersistenceVersion='040500', subscriptionPersistenceVersion='040000', incomingMessageFlowPersistenceVersion='040200', retainedMessagesPersistenceVersion='040800_R', publishPayloadPersistenceVersion='040500_R', retainedMessagesPersistenceType='FILE_NATIVE', publishPayloadPersistenceType='FILE_NATIVE'}
2022-06-17 00:53:30,397 INFO  - Nothing to migrate found.
2022-06-17 00:53:30,397 INFO  - Checking for value migrations (HiveMQ version 4.8.0).
2022-06-17 00:53:30,397 INFO  - Read metadata file: MetaInformation{hivemqVersion='4.8.0', clientSessionPersistenceVersion='040000', queuedMessagesPersistenceVersion='040500', subscriptionPersistenceVersion='040000', incomingMessageFlowPersistenceVersion='040200', retainedMessagesPersistenceVersion='040800_R', publishPayloadPersistenceVersion='040500_R', retainedMessagesPersistenceType='FILE_NATIVE', publishPayloadPersistenceType='FILE_NATIVE'}
2022-06-17 00:53:30,397 INFO  - Nothing to migrate found.
2022-06-17 00:54:11,420 INFO  - Read metadata file: MetaInformation{hivemqVersion='4.8.0', clientSessionPersistenceVersion='040000', queuedMessagesPersistenceVersion='040500', subscriptionPersistenceVersion='040000', incomingMessageFlowPersistenceVersion='040200', retainedMessagesPersistenceVersion='040800_R', publishPayloadPersistenceVersion='040500_R', retainedMessagesPersistenceType='FILE_NATIVE', publishPayloadPersistenceType='FILE_NATIVE'}
2022-06-17 00:54:11,421 INFO  - Write metadata file: MetaInformation{hivemqVersion='4.8.0', clientSessionPersistenceVersion='040000', queuedMessagesPersistenceVersion='040500', subscriptionPersistenceVersion='040000', incomingMessageFlowPersistenceVersion='040200', retainedMessagesPersistenceVersion='040800_R', publishPayloadPersistenceVersion='040500_R', retainedMessagesPersistenceType='FILE_NATIVE', publishPayloadPersistenceType='FILE_NATIVE'}
2022-06-17 00:54:11,421 INFO  - Finished migration.
2022-06-17 13:59:45,133 INFO  - Checking for type migrations (HiveMQ version 4.8.0).
2022-06-17 13:59:45,156 INFO  - Read metadata file: MetaInformation{hivemqVersion='4.8.0', clientSessionPersistenceVersion='040000', queuedMessagesPersistenceVersion='040500', subscriptionPersistenceVersion='040000', incomingMessageFlowPersistenceVersion='040200', retainedMessagesPersistenceVersion='040800_R', publishPayloadPersistenceVersion='040500_R', retainedMessagesPersistenceType='FILE_NATIVE', publishPayloadPersistenceType='FILE_NATIVE'}
2022-06-17 13:59:45,164 INFO  - Nothing to migrate found.
2022-06-17 13:59:45,164 INFO  - Checking for value migrations (HiveMQ version 4.8.0).
2022-06-17 13:59:45,164 INFO  - Read metadata file: MetaInformation{hivemqVersion='4.8.0', clientSessionPersistenceVersion='040000', queuedMessagesPersistenceVersion='040500', subscriptionPersistenceVersion='040000', incomingMessageFlowPersistenceVersion='040200', retainedMessagesPersistenceVersion='040800_R', publishPayloadPersistenceVersion='040500_R', retainedMessagesPersistenceType='FILE_NATIVE', publishPayloadPersistenceType='FILE_NATIVE'}
2022-06-17 13:59:45,165 INFO  - Nothing to migrate found.
2022-06-17 14:00:07,428 INFO  - Read metadata file: MetaInformation{hivemqVersion='4.8.0', clientSessionPersistenceVersion='040000', queuedMessagesPersistenceVersion='040500', subscriptionPersistenceVersion='040000', incomingMessageFlowPersistenceVersion='040200', retainedMessagesPersistenceVersion='040800_R', publishPayloadPersistenceVersion='040500_R', retainedMessagesPersistenceType='FILE_NATIVE', publishPayloadPersistenceType='FILE_NATIVE'}
2022-06-17 14:00:07,429 INFO  - Write metadata file: MetaInformation{hivemqVersion='4.8.0', clientSessionPersistenceVersion='040000', queuedMessagesPersistenceVersion='040500', subscriptionPersistenceVersion='040000', incomingMessageFlowPersistenceVersion='040200', retainedMessagesPersistenceVersion='040800_R', publishPayloadPersistenceVersion='040500_R', retainedMessagesPersistenceType='FILE_NATIVE', publishPayloadPersistenceType='FILE_NATIVE'}
2022-06-17 14:00:07,429 INFO  - Finished migration.
2022-06-18 14:18:05,827 INFO  - Checking for type migrations (HiveMQ version 4.8.0).
2022-06-18 14:18:05,921 INFO  - Read metadata file: MetaInformation{hivemqVersion='4.8.0', clientSessionPersistenceVersion='040000', queuedMessagesPersistenceVersion='040500', subscriptionPersistenceVersion='040000', incomingMessageFlowPersistenceVersion='040200', retainedMessagesPersistenceVersion='040800_R', publishPayloadPersistenceVersion='040500_R', retainedMessagesPersistenceType='FILE_NATIVE', publishPayloadPersistenceType='FILE_NATIVE'}
2022-06-18 14:18:05,929 INFO  - Nothing to migrate found.
2022-06-18 14:18:05,929 INFO  - Checking for value migrations (HiveMQ version 4.8.0).
2022-06-18 14:18:05,929 INFO  - Read metadata file: MetaInformation{hivemqVersion='4.8.0', clientSessionPersistenceVersion='040000', queuedMessagesPersistenceVersion='040500', subscriptionPersistenceVersion='040000', incomingMessageFlowPersistenceVersion='040200', retainedMessagesPersistenceVersion='040800_R', publishPayloadPersistenceVersion='040500_R', retainedMessagesPersistenceType='FILE_NATIVE', publishPayloadPersistenceType='FILE_NATIVE'}
2022-06-18 14:18:05,929 INFO  - Nothing to migrate found.
2022-06-18 14:18:50,589 INFO  - Read metadata file: MetaInformation{hivemqVersion='4.8.0', clientSessionPersistenceVersion='040000', queuedMessagesPersistenceVersion='040500', subscriptionPersistenceVersion='040000', incomingMessageFlowPersistenceVersion='040200', retainedMessagesPersistenceVersion='040800_R', publishPayloadPersistenceVersion='040500_R', retainedMessagesPersistenceType='FILE_NATIVE', publishPayloadPersistenceType='FILE_NATIVE'}
2022-06-18 14:18:50,590 INFO  - Write metadata file: MetaInformation{hivemqVersion='4.8.0', clientSessionPersistenceVersion='040000', queuedMessagesPersistenceVersion='040500', subscriptionPersistenceVersion='040000', incomingMessageFlowPersistenceVersion='040200', retainedMessagesPersistenceVersion='040800_R', publishPayloadPersistenceVersion='040500_R', retainedMessagesPersistenceType='FILE_NATIVE', publishPayloadPersistenceType='FILE_NATIVE'}
2022-06-18 14:18:50,590 INFO  - Finished migration.
2022-06-19 01:11:43,494 INFO  - Checking for type migrations (HiveMQ version 4.8.0).
2022-06-19 01:11:43,544 INFO  - Read metadata file: MetaInformation{hivemqVersion='4.8.0', clientSessionPersistenceVersion='040000', queuedMessagesPersistenceVersion='040500', subscriptionPersistenceVersion='040000', incomingMessageFlowPersistenceVersion='040200', retainedMessagesPersistenceVersion='040800_R', publishPayloadPersistenceVersion='040500_R', retainedMessagesPersistenceType='FILE_NATIVE', publishPayloadPersistenceType='FILE_NATIVE'}
2022-06-19 01:11:43,551 INFO  - Nothing to migrate found.
2022-06-19 01:11:43,551 INFO  - Checking for value migrations (HiveMQ version 4.8.0).
2022-06-19 01:11:43,551 INFO  - Read metadata file: MetaInformation{hivemqVersion='4.8.0', clientSessionPersistenceVersion='040000', queuedMessagesPersistenceVersion='040500', subscriptionPersistenceVersion='040000', incomingMessageFlowPersistenceVersion='040200', retainedMessagesPersistenceVersion='040800_R', publishPayloadPersistenceVersion='040500_R', retainedMessagesPersistenceType='FILE_NATIVE', publishPayloadPersistenceType='FILE_NATIVE'}
2022-06-19 01:11:43,551 INFO  - Nothing to migrate found.
2022-06-19 01:12:06,449 INFO  - Read metadata file: MetaInformation{hivemqVersion='4.8.0', clientSessionPersistenceVersion='040000', queuedMessagesPersistenceVersion='040500', subscriptionPersistenceVersion='040000', incomingMessageFlowPersistenceVersion='040200', retainedMessagesPersistenceVersion='040800_R', publishPayloadPersistenceVersion='040500_R', retainedMessagesPersistenceType='FILE_NATIVE', publishPayloadPersistenceType='FILE_NATIVE'}
2022-06-19 01:12:06,550 INFO  - Write metadata file: MetaInformation{hivemqVersion='4.8.0', clientSessionPersistenceVersion='040000', queuedMessagesPersistenceVersion='040500', subscriptionPersistenceVersion='040000', incomingMessageFlowPersistenceVersion='040200', retainedMessagesPersistenceVersion='040800_R', publishPayloadPersistenceVersion='040500_R', retainedMessagesPersistenceType='FILE_NATIVE', publishPayloadPersistenceType='FILE_NATIVE'}
2022-06-19 01:12:06,550 INFO  - Finished migration.
2022-06-21 01:29:25,319 INFO  - Checking for type migrations (HiveMQ version 4.8.0).
2022-06-21 01:29:25,498 INFO  - Read metadata file: MetaInformation{hivemqVersion='4.8.0', clientSessionPersistenceVersion='040000', queuedMessagesPersistenceVersion='040500', subscriptionPersistenceVersion='040000', incomingMessageFlowPersistenceVersion='040200', retainedMessagesPersistenceVersion='040800_R', publishPayloadPersistenceVersion='040500_R', retainedMessagesPersistenceType='FILE_NATIVE', publishPayloadPersistenceType='FILE_NATIVE'}
2022-06-21 01:29:25,507 INFO  - Nothing to migrate found.
2022-06-21 01:29:25,507 INFO  - Checking for value migrations (HiveMQ version 4.8.0).
2022-06-21 01:29:25,507 INFO  - Read metadata file: MetaInformation{hivemqVersion='4.8.0', clientSessionPersistenceVersion='040000', queuedMessagesPersistenceVersion='040500', subscriptionPersistenceVersion='040000', incomingMessageFlowPersistenceVersion='040200', retainedMessagesPersistenceVersion='040800_R', publishPayloadPersistenceVersion='040500_R', retainedMessagesPersistenceType='FILE_NATIVE', publishPayloadPersistenceType='FILE_NATIVE'}
2022-06-21 01:29:25,507 INFO  - Nothing to migrate found.
2022-06-21 01:30:21,406 INFO  - Read metadata file: MetaInformation{hivemqVersion='4.8.0', clientSessionPersistenceVersion='040000', queuedMessagesPersistenceVersion='040500', subscriptionPersistenceVersion='040000', incomingMessageFlowPersistenceVersion='040200', retainedMessagesPersistenceVersion='040800_R', publishPayloadPersistenceVersion='040500_R', retainedMessagesPersistenceType='FILE_NATIVE', publishPayloadPersistenceType='FILE_NATIVE'}
2022-06-21 01:30:21,407 INFO  - Write metadata file: MetaInformation{hivemqVersion='4.8.0', clientSessionPersistenceVersion='040000', queuedMessagesPersistenceVersion='040500', subscriptionPersistenceVersion='040000', incomingMessageFlowPersistenceVersion='040200', retainedMessagesPersistenceVersion='040800_R', publishPayloadPersistenceVersion='040500_R', retainedMessagesPersistenceType='FILE_NATIVE', publishPayloadPersistenceType='FILE_NATIVE'}
2022-06-21 01:30:21,408 INFO  - Finished migration.
2022-06-21 21:47:24,310 INFO  - Checking for type migrations (HiveMQ version 4.8.0).
2022-06-21 21:47:24,357 INFO  - Read metadata file: MetaInformation{hivemqVersion='4.8.0', clientSessionPersistenceVersion='040000', queuedMessagesPersistenceVersion='040500', subscriptionPersistenceVersion='040000', incomingMessageFlowPersistenceVersion='040200', retainedMessagesPersistenceVersion='040800_R', publishPayloadPersistenceVersion='040500_R', retainedMessagesPersistenceType='FILE_NATIVE', publishPayloadPersistenceType='FILE_NATIVE'}
2022-06-21 21:47:24,365 INFO  - Nothing to migrate found.
2022-06-21 21:47:24,366 INFO  - Checking for value migrations (HiveMQ version 4.8.0).
2022-06-21 21:47:24,366 INFO  - Read metadata file: MetaInformation{hivemqVersion='4.8.0', clientSessionPersistenceVersion='040000', queuedMessagesPersistenceVersion='040500', subscriptionPersistenceVersion='040000', incomingMessageFlowPersistenceVersion='040200', retainedMessagesPersistenceVersion='040800_R', publishPayloadPersistenceVersion='040500_R', retainedMessagesPersistenceType='FILE_NATIVE', publishPayloadPersistenceType='FILE_NATIVE'}
2022-06-21 21:47:24,366 INFO  - Nothing to migrate found.
2022-06-21 21:48:11,474 INFO  - Read metadata file: MetaInformation{hivemqVersion='4.8.0', clientSessionPersistenceVersion='040000', queuedMessagesPersistenceVersion='040500', subscriptionPersistenceVersion='040000', incomingMessageFlowPersistenceVersion='040200', retainedMessagesPersistenceVersion='040800_R', publishPayloadPersistenceVersion='040500_R', retainedMessagesPersistenceType='FILE_NATIVE', publishPayloadPersistenceType='FILE_NATIVE'}
2022-06-21 21:48:11,528 INFO  - Write metadata file: MetaInformation{hivemqVersion='4.8.0', clientSessionPersistenceVersion='040000', queuedMessagesPersistenceVersion='040500', subscriptionPersistenceVersion='040000', incomingMessageFlowPersistenceVersion='040200', retainedMessagesPersistenceVersion='040800_R', publishPayloadPersistenceVersion='040500_R', retainedMessagesPersistenceType='FILE_NATIVE', publishPayloadPersistenceType='FILE_NATIVE'}
2022-06-21 21:48:11,528 INFO  - Finished migration.
2022-06-22 05:42:02,739 INFO  - Checking for type migrations (HiveMQ version 4.8.0).
2022-06-22 05:42:02,757 INFO  - Read metadata file: MetaInformation{hivemqVersion='4.8.0', clientSessionPersistenceVersion='040000', queuedMessagesPersistenceVersion='040500', subscriptionPersistenceVersion='040000', incomingMessageFlowPersistenceVersion='040200', retainedMessagesPersistenceVersion='040800_R', publishPayloadPersistenceVersion='040500_R', retainedMessagesPersistenceType='FILE_NATIVE', publishPayloadPersistenceType='FILE_NATIVE'}
2022-06-22 05:42:02,765 INFO  - Nothing to migrate found.
2022-06-22 05:42:02,765 INFO  - Checking for value migrations (HiveMQ version 4.8.0).
2022-06-22 05:42:02,765 INFO  - Read metadata file: MetaInformation{hivemqVersion='4.8.0', clientSessionPersistenceVersion='040000', queuedMessagesPersistenceVersion='040500', subscriptionPersistenceVersion='040000', incomingMessageFlowPersistenceVersion='040200', retainedMessagesPersistenceVersion='040800_R', publishPayloadPersistenceVersion='040500_R', retainedMessagesPersistenceType='FILE_NATIVE', publishPayloadPersistenceType='FILE_NATIVE'}
2022-06-22 05:42:02,765 INFO  - Nothing to migrate found.
2022-06-22 05:42:23,031 INFO  - Read metadata file: MetaInformation{hivemqVersion='4.8.0', clientSessionPersistenceVersion='040000', queuedMessagesPersistenceVersion='040500', subscriptionPersistenceVersion='040000', incomingMessageFlowPersistenceVersion='040200', retainedMessagesPersistenceVersion='040800_R', publishPayloadPersistenceVersion='040500_R', retainedMessagesPersistenceType='FILE_NATIVE', publishPayloadPersistenceType='FILE_NATIVE'}
2022-06-22 05:42:23,032 INFO  - Write metadata file: MetaInformation{hivemqVersion='4.8.0', clientSessionPersistenceVersion='040000', queuedMessagesPersistenceVersion='040500', subscriptionPersistenceVersion='040000', incomingMessageFlowPersistenceVersion='040200', retainedMessagesPersistenceVersion='040800_R', publishPayloadPersistenceVersion='040500_R', retainedMessagesPersistenceType='FILE_NATIVE', publishPayloadPersistenceType='FILE_NATIVE'}
2022-06-22 05:42:23,032 INFO  - Finished migration.
2022-06-22 15:18:37,806 INFO  - Checking for type migrations (HiveMQ version 4.8.0).
2022-06-22 15:18:39,794 INFO  - Read metadata file: MetaInformation{hivemqVersion='4.8.0', clientSessionPersistenceVersion='040000', queuedMessagesPersistenceVersion='040500', subscriptionPersistenceVersion='040000', incomingMessageFlowPersistenceVersion='040200', retainedMessagesPersistenceVersion='040800_R', publishPayloadPersistenceVersion='040500_R', retainedMessagesPersistenceType='FILE_NATIVE', publishPayloadPersistenceType='FILE_NATIVE'}
2022-06-22 15:18:39,865 INFO  - Nothing to migrate found.
2022-06-22 15:18:39,865 INFO  - Checking for value migrations (HiveMQ version 4.8.0).
2022-06-22 15:18:39,865 INFO  - Read metadata file: MetaInformation{hivemqVersion='4.8.0', clientSessionPersistenceVersion='040000', queuedMessagesPersistenceVersion='040500', subscriptionPersistenceVersion='040000', incomingMessageFlowPersistenceVersion='040200', retainedMessagesPersistenceVersion='040800_R', publishPayloadPersistenceVersion='040500_R', retainedMessagesPersistenceType='FILE_NATIVE', publishPayloadPersistenceType='FILE_NATIVE'}
2022-06-22 15:18:39,866 INFO  - Nothing to migrate found.
2022-06-22 15:20:37,114 INFO  - Read metadata file: MetaInformation{hivemqVersion='4.8.0', clientSessionPersistenceVersion='040000', queuedMessagesPersistenceVersion='040500', subscriptionPersistenceVersion='040000', incomingMessageFlowPersistenceVersion='040200', retainedMessagesPersistenceVersion='040800_R', publishPayloadPersistenceVersion='040500_R', retainedMessagesPersistenceType='FILE_NATIVE', publishPayloadPersistenceType='FILE_NATIVE'}
2022-06-22 15:20:37,115 INFO  - Write metadata file: MetaInformation{hivemqVersion='4.8.0', clientSessionPersistenceVersion='040000', queuedMessagesPersistenceVersion='040500', subscriptionPersistenceVersion='040000', incomingMessageFlowPersistenceVersion='040200', retainedMessagesPersistenceVersion='040800_R', publishPayloadPersistenceVersion='040500_R', retainedMessagesPersistenceType='FILE_NATIVE', publishPayloadPersistenceType='FILE_NATIVE'}
2022-06-22 15:20:37,115 INFO  - Finished migration.
2022-06-22 15:27:30,873 INFO  - Checking for type migrations (HiveMQ version 4.8.0).
2022-06-22 15:27:30,897 INFO  - Read metadata file: MetaInformation{hivemqVersion='4.8.0', clientSessionPersistenceVersion='040000', queuedMessagesPersistenceVersion='040500', subscriptionPersistenceVersion='040000', incomingMessageFlowPersistenceVersion='040200', retainedMessagesPersistenceVersion='040800_R', publishPayloadPersistenceVersion='040500_R', retainedMessagesPersistenceType='FILE_NATIVE', publishPayloadPersistenceType='FILE_NATIVE'}
2022-06-22 15:27:30,905 INFO  - Nothing to migrate found.
2022-06-22 15:27:30,905 INFO  - Checking for value migrations (HiveMQ version 4.8.0).
2022-06-22 15:27:30,905 INFO  - Read metadata file: MetaInformation{hivemqVersion='4.8.0', clientSessionPersistenceVersion='040000', queuedMessagesPersistenceVersion='040500', subscriptionPersistenceVersion='040000', incomingMessageFlowPersistenceVersion='040200', retainedMessagesPersistenceVersion='040800_R', publishPayloadPersistenceVersion='040500_R', retainedMessagesPersistenceType='FILE_NATIVE', publishPayloadPersistenceType='FILE_NATIVE'}
2022-06-22 15:27:30,905 INFO  - Nothing to migrate found.
2022-06-22 15:32:21,492 INFO  - Read metadata file: MetaInformation{hivemqVersion='4.8.0', clientSessionPersistenceVersion='040000', queuedMessagesPersistenceVersion='040500', subscriptionPersistenceVersion='040000', incomingMessageFlowPersistenceVersion='040200', retainedMessagesPersistenceVersion='040800_R', publishPayloadPersistenceVersion='040500_R', retainedMessagesPersistenceType='FILE_NATIVE', publishPayloadPersistenceType='FILE_NATIVE'}
2022-06-22 15:32:21,493 INFO  - Write metadata file: MetaInformation{hivemqVersion='4.8.0', clientSessionPersistenceVersion='040000', queuedMessagesPersistenceVersion='040500', subscriptionPersistenceVersion='040000', incomingMessageFlowPersistenceVersion='040200', retainedMessagesPersistenceVersion='040800_R', publishPayloadPersistenceVersion='040500_R', retainedMessagesPersistenceType='FILE_NATIVE', publishPayloadPersistenceType='FILE_NATIVE'}
2022-06-22 15:32:21,493 INFO  - Finished migration.
2022-06-25 21:45:56,035 INFO  - Checking for type migrations (HiveMQ version 4.8.0).
2022-06-25 21:45:56,171 INFO  - Read metadata file: MetaInformation{hivemqVersion='4.8.0', clientSessionPersistenceVersion='040000', queuedMessagesPersistenceVersion='040500', subscriptionPersistenceVersion='040000', incomingMessageFlowPersistenceVersion='040200', retainedMessagesPersistenceVersion='040800_R', publishPayloadPersistenceVersion='040500_R', retainedMessagesPersistenceType='FILE_NATIVE', publishPayloadPersistenceType='FILE_NATIVE'}
2022-06-25 21:45:56,180 INFO  - Nothing to migrate found.
2022-06-25 21:45:56,180 INFO  - Checking for value migrations (HiveMQ version 4.8.0).
2022-06-25 21:45:56,180 INFO  - Read metadata file: MetaInformation{hivemqVersion='4.8.0', clientSessionPersistenceVersion='040000', queuedMessagesPersistenceVersion='040500', subscriptionPersistenceVersion='040000', incomingMessageFlowPersistenceVersion='040200', retainedMessagesPersistenceVersion='040800_R', publishPayloadPersistenceVersion='040500_R', retainedMessagesPersistenceType='FILE_NATIVE', publishPayloadPersistenceType='FILE_NATIVE'}
2022-06-25 21:45:56,180 INFO  - Nothing to migrate found.
2022-06-25 21:46:53,414 INFO  - Read metadata file: MetaInformation{hivemqVersion='4.8.0', clientSessionPersistenceVersion='040000', queuedMessagesPersistenceVersion='040500', subscriptionPersistenceVersion='040000', incomingMessageFlowPersistenceVersion='040200', retainedMessagesPersistenceVersion='040800_R', publishPayloadPersistenceVersion='040500_R', retainedMessagesPersistenceType='FILE_NATIVE', publishPayloadPersistenceType='FILE_NATIVE'}
2022-06-25 21:46:53,415 INFO  - Write metadata file: MetaInformation{hivemqVersion='4.8.0', clientSessionPersistenceVersion='040000', queuedMessagesPersistenceVersion='040500', subscriptionPersistenceVersion='040000', incomingMessageFlowPersistenceVersion='040200', retainedMessagesPersistenceVersion='040800_R', publishPayloadPersistenceVersion='040500_R', retainedMessagesPersistenceType='FILE_NATIVE', publishPayloadPersistenceType='FILE_NATIVE'}
2022-06-25 21:46:53,415 INFO  - Finished migration.
2022-06-26 21:36:27,626 INFO  - Checking for type migrations (HiveMQ version 4.8.0).
2022-06-26 21:36:27,972 INFO  - Read metadata file: MetaInformation{hivemqVersion='4.8.0', clientSessionPersistenceVersion='040000', queuedMessagesPersistenceVersion='040500', subscriptionPersistenceVersion='040000', incomingMessageFlowPersistenceVersion='040200', retainedMessagesPersistenceVersion='040800_R', publishPayloadPersistenceVersion='040500_R', retainedMessagesPersistenceType='FILE_NATIVE', publishPayloadPersistenceType='FILE_NATIVE'}
2022-06-26 21:36:27,980 INFO  - Nothing to migrate found.
2022-06-26 21:36:27,980 INFO  - Checking for value migrations (HiveMQ version 4.8.0).
2022-06-26 21:36:27,980 INFO  - Read metadata file: MetaInformation{hivemqVersion='4.8.0', clientSessionPersistenceVersion='040000', queuedMessagesPersistenceVersion='040500', subscriptionPersistenceVersion='040000', incomingMessageFlowPersistenceVersion='040200', retainedMessagesPersistenceVersion='040800_R', publishPayloadPersistenceVersion='040500_R', retainedMessagesPersistenceType='FILE_NATIVE', publishPayloadPersistenceType='FILE_NATIVE'}
2022-06-26 21:36:27,980 INFO  - Nothing to migrate found.
2022-06-26 21:37:17,042 INFO  - Read metadata file: MetaInformation{hivemqVersion='4.8.0', clientSessionPersistenceVersion='040000', queuedMessagesPersistenceVersion='040500', subscriptionPersistenceVersion='040000', incomingMessageFlowPersistenceVersion='040200', retainedMessagesPersistenceVersion='040800_R', publishPayloadPersistenceVersion='040500_R', retainedMessagesPersistenceType='FILE_NATIVE', publishPayloadPersistenceType='FILE_NATIVE'}
2022-06-26 21:37:17,043 INFO  - Write metadata file: MetaInformation{hivemqVersion='4.8.0', clientSessionPersistenceVersion='040000', queuedMessagesPersistenceVersion='040500', subscriptionPersistenceVersion='040000', incomingMessageFlowPersistenceVersion='040200', retainedMessagesPersistenceVersion='040800_R', publishPayloadPersistenceVersion='040500_R', retainedMessagesPersistenceType='FILE_NATIVE', publishPayloadPersistenceType='FILE_NATIVE'}
2022-06-26 21:37:17,043 INFO  - Finished migration.
2022-06-27 00:11:10,078 INFO  - Checking for type migrations (HiveMQ version 4.8.0).
2022-06-27 00:11:10,157 INFO  - Read metadata file: MetaInformation{hivemqVersion='4.8.0', clientSessionPersistenceVersion='040000', queuedMessagesPersistenceVersion='040500', subscriptionPersistenceVersion='040000', incomingMessageFlowPersistenceVersion='040200', retainedMessagesPersistenceVersion='040800_R', publishPayloadPersistenceVersion='040500_R', retainedMessagesPersistenceType='FILE_NATIVE', publishPayloadPersistenceType='FILE_NATIVE'}
2022-06-27 00:11:10,186 INFO  - Nothing to migrate found.
2022-06-27 00:11:10,186 INFO  - Checking for value migrations (HiveMQ version 4.8.0).
2022-06-27 00:11:10,186 INFO  - Read metadata file: MetaInformation{hivemqVersion='4.8.0', clientSessionPersistenceVersion='040000', queuedMessagesPersistenceVersion='040500', subscriptionPersistenceVersion='040000', incomingMessageFlowPersistenceVersion='040200', retainedMessagesPersistenceVersion='040800_R', publishPayloadPersistenceVersion='040500_R', retainedMessagesPersistenceType='FILE_NATIVE', publishPayloadPersistenceType='FILE_NATIVE'}
2022-06-27 00:11:10,186 INFO  - Nothing to migrate found.
2022-06-27 00:12:49,356 INFO  - Read metadata file: MetaInformation{hivemqVersion='4.8.0', clientSessionPersistenceVersion='040000', queuedMessagesPersistenceVersion='040500', subscriptionPersistenceVersion='040000', incomingMessageFlowPersistenceVersion='040200', retainedMessagesPersistenceVersion='040800_R', publishPayloadPersistenceVersion='040500_R', retainedMessagesPersistenceType='FILE_NATIVE', publishPayloadPersistenceType='FILE_NATIVE'}
2022-06-27 00:12:49,357 INFO  - Write metadata file: MetaInformation{hivemqVersion='4.8.0', clientSessionPersistenceVersion='040000', queuedMessagesPersistenceVersion='040500', subscriptionPersistenceVersion='040000', incomingMessageFlowPersistenceVersion='040200', retainedMessagesPersistenceVersion='040800_R', publishPayloadPersistenceVersion='040500_R', retainedMessagesPersistenceType='FILE_NATIVE', publishPayloadPersistenceType='FILE_NATIVE'}
2022-06-27 00:12:49,357 INFO  - Finished migration.
2022-06-28 01:43:58,582 INFO  - Checking for type migrations (HiveMQ version 4.8.0).
2022-06-28 01:43:58,668 INFO  - Read metadata file: MetaInformation{hivemqVersion='4.8.0', clientSessionPersistenceVersion='040000', queuedMessagesPersistenceVersion='040500', subscriptionPersistenceVersion='040000', incomingMessageFlowPersistenceVersion='040200', retainedMessagesPersistenceVersion='040800_R', publishPayloadPersistenceVersion='040500_R', retainedMessagesPersistenceType='FILE_NATIVE', publishPayloadPersistenceType='FILE_NATIVE'}
2022-06-28 01:43:58,677 INFO  - Nothing to migrate found.
2022-06-28 01:43:58,677 INFO  - Checking for value migrations (HiveMQ version 4.8.0).
2022-06-28 01:43:58,677 INFO  - Read metadata file: MetaInformation{hivemqVersion='4.8.0', clientSessionPersistenceVersion='040000', queuedMessagesPersistenceVersion='040500', subscriptionPersistenceVersion='040000', incomingMessageFlowPersistenceVersion='040200', retainedMessagesPersistenceVersion='040800_R', publishPayloadPersistenceVersion='040500_R', retainedMessagesPersistenceType='FILE_NATIVE', publishPayloadPersistenceType='FILE_NATIVE'}
2022-06-28 01:43:58,677 INFO  - Nothing to migrate found.
2022-06-28 01:44:36,714 INFO  - Read metadata file: MetaInformation{hivemqVersion='4.8.0', clientSessionPersistenceVersion='040000', queuedMessagesPersistenceVersion='040500', subscriptionPersistenceVersion='040000', incomingMessageFlowPersistenceVersion='040200', retainedMessagesPersistenceVersion='040800_R', publishPayloadPersistenceVersion='040500_R', retainedMessagesPersistenceType='FILE_NATIVE', publishPayloadPersistenceType='FILE_NATIVE'}
2022-06-28 01:44:36,715 INFO  - Write metadata file: MetaInformation{hivemqVersion='4.8.0', clientSessionPersistenceVersion='040000', queuedMessagesPersistenceVersion='040500', subscriptionPersistenceVersion='040000', incomingMessageFlowPersistenceVersion='040200', retainedMessagesPersistenceVersion='040800_R', publishPayloadPersistenceVersion='040500_R', retainedMessagesPersistenceType='FILE_NATIVE', publishPayloadPersistenceType='FILE_NATIVE'}
2022-06-28 01:44:36,715 INFO  - Finished migration.
